<?xml version="1.0" encoding="UTF-8"?>
<coverage generated="1601013101006" clover="3.2.0">
  <project timestamp="1601013101006" name="All files">
    <metrics statements="78" coveredstatements="72" conditionals="25" coveredconditionals="23" methods="14" coveredmethods="10" elements="117" coveredelements="105" complexity="0" loc="78" ncloc="78" packages="1" files="1" classes="1"/>
    <file name="server.js" path="/Users/taylalex/Documents/Academy/Connect4/Server/server.js">
      <metrics statements="78" coveredstatements="72" conditionals="25" coveredconditionals="23" methods="14" coveredmethods="10"/>
      <line num="1" count="2" type="stmt"/>
      <line num="2" count="2" type="stmt"/>
      <line num="4" count="2" type="stmt"/>
      <line num="6" count="2" type="stmt"/>
      <line num="7" count="2" type="stmt"/>
      <line num="15" count="12" type="stmt"/>
      <line num="16" count="12" type="stmt"/>
      <line num="17" count="12" type="stmt"/>
      <line num="21" count="9" type="stmt"/>
      <line num="25" count="0" type="stmt"/>
      <line num="29" count="0" type="stmt"/>
      <line num="33" count="0" type="stmt"/>
      <line num="37" count="2" type="stmt"/>
      <line num="45" count="6" type="stmt"/>
      <line num="46" count="6" type="stmt"/>
      <line num="47" count="47" type="stmt"/>
      <line num="48" count="47" type="stmt"/>
      <line num="49" count="355" type="stmt"/>
      <line num="51" count="47" type="stmt"/>
      <line num="53" count="6" type="stmt"/>
      <line num="57" count="3" type="stmt"/>
      <line num="61" count="9" type="stmt"/>
      <line num="62" count="9" type="stmt"/>
      <line num="63" count="9" type="stmt"/>
      <line num="64" count="21" type="cond" truecount="2" falsecount="0"/>
      <line num="65" count="5" type="stmt"/>
      <line num="66" count="5" type="stmt"/>
      <line num="69" count="9" type="stmt"/>
      <line num="73" count="1" type="stmt"/>
      <line num="78" count="9" type="stmt"/>
      <line num="79" count="9" type="stmt"/>
      <line num="82" count="9" type="stmt"/>
      <line num="83" count="46" type="cond" truecount="2" falsecount="0"/>
      <line num="84" count="23" type="stmt"/>
      <line num="86" count="23" type="stmt"/>
      <line num="88" count="46" type="cond" truecount="2" falsecount="0"/>
      <line num="89" count="4" type="stmt"/>
      <line num="93" count="9" type="stmt"/>
      <line num="96" count="9" type="stmt"/>
      <line num="97" count="49" type="cond" truecount="2" falsecount="0"/>
      <line num="98" count="21" type="stmt"/>
      <line num="100" count="28" type="stmt"/>
      <line num="102" count="49" type="cond" truecount="2" falsecount="0"/>
      <line num="103" count="4" type="stmt"/>
      <line num="106" count="9" type="cond" truecount="2" falsecount="0"/>
      <line num="107" count="8" type="stmt"/>
      <line num="108" count="8" type="stmt"/>
      <line num="110" count="1" type="stmt"/>
      <line num="114" count="6" type="stmt"/>
      <line num="115" count="6" type="stmt"/>
      <line num="116" count="15" type="cond" truecount="2" falsecount="0"/>
      <line num="117" count="5" type="stmt"/>
      <line num="120" count="1" type="stmt"/>
      <line num="123" count="2" type="stmt"/>
      <line num="124" count="2" type="stmt"/>
      <line num="125" count="2" type="stmt"/>
      <line num="126" count="2" type="stmt"/>
      <line num="127" count="2" type="stmt"/>
      <line num="128" count="2" type="cond" truecount="4" falsecount="0"/>
      <line num="129" count="1" type="stmt"/>
      <line num="133" count="2" type="stmt"/>
      <line num="134" count="2" type="stmt"/>
      <line num="135" count="2" type="stmt"/>
      <line num="136" count="2" type="stmt"/>
      <line num="137" count="2" type="stmt"/>
      <line num="141" count="2" type="stmt"/>
      <line num="142" count="1" type="stmt"/>
      <line num="143" count="1" type="stmt"/>
      <line num="145" count="1" type="cond" truecount="3" falsecount="1"/>
      <line num="146" count="1" type="stmt"/>
      <line num="147" count="1" type="stmt"/>
      <line num="148" count="1" type="stmt"/>
      <line num="149" count="1" type="stmt"/>
      <line num="151" count="0" type="stmt"/>
      <line num="155" count="2" type="cond" truecount="1" falsecount="1"/>
      <line num="156" count="0" type="stmt"/>
      <line num="157" count="0" type="stmt"/>
      <line num="161" count="2" type="stmt"/>
    </file>
  </project>
</coverage>
