{"/Users/taylalex/Documents/Academy/Connect4/Server/server.js": {"path":"/Users/taylalex/Documents/Academy/Connect4/Server/server.js","statementMap":{"0":{"start":{"line":1,"column":30},"end":{"line":1,"column":53}},"1":{"start":{"line":2,"column":24},"end":{"line":2,"column":44}},"2":{"start":{"line":3,"column":25},"end":{"line":3,"column":39}},"3":{"start":{"line":4,"column":17},"end":{"line":4,"column":35}},"4":{"start":{"line":5,"column":16},"end":{"line":5,"column":34}},"5":{"start":{"line":6,"column":11},"end":{"line":6,"column":33}},"6":{"start":{"line":8,"column":12},"end":{"line":8,"column":21}},"7":{"start":{"line":10,"column":0},"end":{"line":10,"column":36}},"8":{"start":{"line":11,"column":0},"end":{"line":11,"column":24}},"9":{"start":{"line":21,"column":4},"end":{"line":21,"column":21}},"10":{"start":{"line":22,"column":4},"end":{"line":22,"column":25}},"11":{"start":{"line":23,"column":4},"end":{"line":23,"column":23}},"12":{"start":{"line":27,"column":4},"end":{"line":27,"column":20}},"13":{"start":{"line":31,"column":4},"end":{"line":31,"column":21}},"14":{"start":{"line":35,"column":4},"end":{"line":35,"column":22}},"15":{"start":{"line":39,"column":4},"end":{"line":39,"column":23}},"16":{"start":{"line":43,"column":4},"end":{"line":43,"column":19}},"17":{"start":{"line":48,"column":13},"end":{"line":53,"column":1}},"18":{"start":{"line":56,"column":2},"end":{"line":56,"column":151}},"19":{"start":{"line":60,"column":18},"end":{"line":60,"column":94}},"20":{"start":{"line":60,"column":80},"end":{"line":60,"column":93}},"21":{"start":{"line":61,"column":13},"end":{"line":61,"column":77}},"22":{"start":{"line":62,"column":13},"end":{"line":62,"column":77}},"23":{"start":{"line":63,"column":2},"end":{"line":63,"column":17}},"24":{"start":{"line":67,"column":21},"end":{"line":67,"column":23}},"25":{"start":{"line":68,"column":2},"end":{"line":74,"column":3}},"26":{"start":{"line":68,"column":15},"end":{"line":68,"column":16}},"27":{"start":{"line":69,"column":23},"end":{"line":69,"column":25}},"28":{"start":{"line":70,"column":6},"end":{"line":72,"column":7}},"29":{"start":{"line":70,"column":19},"end":{"line":70,"column":20}},"30":{"start":{"line":71,"column":10},"end":{"line":71,"column":30}},"31":{"start":{"line":73,"column":6},"end":{"line":73,"column":32}},"32":{"start":{"line":75,"column":2},"end":{"line":75,"column":20}},"33":{"start":{"line":79,"column":2},"end":{"line":79,"column":28}},"34":{"start":{"line":83,"column":17},"end":{"line":83,"column":22}},"35":{"start":{"line":84,"column":19},"end":{"line":84,"column":40}},"36":{"start":{"line":85,"column":2},"end":{"line":90,"column":3}},"37":{"start":{"line":86,"column":6},"end":{"line":89,"column":7}},"38":{"start":{"line":87,"column":8},"end":{"line":87,"column":50}},"39":{"start":{"line":88,"column":8},"end":{"line":88,"column":14}},"40":{"start":{"line":91,"column":2},"end":{"line":91,"column":18}},"41":{"start":{"line":95,"column":2},"end":{"line":95,"column":35}},"42":{"start":{"line":100,"column":14},"end":{"line":100,"column":15}},"43":{"start":{"line":101,"column":12},"end":{"line":101,"column":17}},"44":{"start":{"line":104,"column":2},"end":{"line":114,"column":3}},"45":{"start":{"line":104,"column":24},"end":{"line":104,"column":25}},"46":{"start":{"line":105,"column":4},"end":{"line":109,"column":5}},"47":{"start":{"line":106,"column":6},"end":{"line":106,"column":17}},"48":{"start":{"line":108,"column":6},"end":{"line":108,"column":16}},"49":{"start":{"line":110,"column":4},"end":{"line":113,"column":5}},"50":{"start":{"line":111,"column":6},"end":{"line":111,"column":22}},"51":{"start":{"line":112,"column":6},"end":{"line":112,"column":20}},"52":{"start":{"line":116,"column":2},"end":{"line":116,"column":12}},"53":{"start":{"line":119,"column":2},"end":{"line":129,"column":3}},"54":{"start":{"line":119,"column":24},"end":{"line":119,"column":25}},"55":{"start":{"line":120,"column":4},"end":{"line":124,"column":5}},"56":{"start":{"line":121,"column":6},"end":{"line":121,"column":17}},"57":{"start":{"line":123,"column":6},"end":{"line":123,"column":16}},"58":{"start":{"line":125,"column":4},"end":{"line":128,"column":5}},"59":{"start":{"line":126,"column":6},"end":{"line":126,"column":22}},"60":{"start":{"line":127,"column":6},"end":{"line":127,"column":20}},"61":{"start":{"line":131,"column":2},"end":{"line":134,"column":3}},"62":{"start":{"line":132,"column":4},"end":{"line":132,"column":20}},"63":{"start":{"line":133,"column":4},"end":{"line":133,"column":18}},"64":{"start":{"line":136,"column":2},"end":{"line":136,"column":14}},"65":{"start":{"line":140,"column":12},"end":{"line":140,"column":27}},"66":{"start":{"line":141,"column":12},"end":{"line":141,"column":24}},"67":{"start":{"line":142,"column":14},"end":{"line":142,"column":15}},"68":{"start":{"line":144,"column":11},"end":{"line":144,"column":14}},"69":{"start":{"line":145,"column":11},"end":{"line":145,"column":14}},"70":{"start":{"line":147,"column":2},"end":{"line":150,"column":3}},"71":{"start":{"line":148,"column":4},"end":{"line":148,"column":12}},"72":{"start":{"line":149,"column":4},"end":{"line":149,"column":12}},"73":{"start":{"line":152,"column":2},"end":{"line":163,"column":3}},"74":{"start":{"line":153,"column":4},"end":{"line":157,"column":5}},"75":{"start":{"line":154,"column":6},"end":{"line":154,"column":17}},"76":{"start":{"line":156,"column":6},"end":{"line":156,"column":16}},"77":{"start":{"line":158,"column":4},"end":{"line":160,"column":5}},"78":{"start":{"line":159,"column":6},"end":{"line":159,"column":18}},"79":{"start":{"line":161,"column":4},"end":{"line":161,"column":12}},"80":{"start":{"line":162,"column":4},"end":{"line":162,"column":12}},"81":{"start":{"line":164,"column":2},"end":{"line":164,"column":15}},"82":{"start":{"line":168,"column":12},"end":{"line":168,"column":27}},"83":{"start":{"line":169,"column":12},"end":{"line":169,"column":24}},"84":{"start":{"line":170,"column":14},"end":{"line":170,"column":15}},"85":{"start":{"line":172,"column":11},"end":{"line":172,"column":14}},"86":{"start":{"line":173,"column":11},"end":{"line":173,"column":14}},"87":{"start":{"line":175,"column":2},"end":{"line":178,"column":3}},"88":{"start":{"line":176,"column":4},"end":{"line":176,"column":12}},"89":{"start":{"line":177,"column":4},"end":{"line":177,"column":12}},"90":{"start":{"line":180,"column":2},"end":{"line":191,"column":3}},"91":{"start":{"line":181,"column":4},"end":{"line":185,"column":5}},"92":{"start":{"line":182,"column":6},"end":{"line":182,"column":17}},"93":{"start":{"line":184,"column":6},"end":{"line":184,"column":16}},"94":{"start":{"line":186,"column":4},"end":{"line":188,"column":5}},"95":{"start":{"line":187,"column":6},"end":{"line":187,"column":18}},"96":{"start":{"line":189,"column":4},"end":{"line":189,"column":12}},"97":{"start":{"line":190,"column":4},"end":{"line":190,"column":12}},"98":{"start":{"line":192,"column":2},"end":{"line":192,"column":15}},"99":{"start":{"line":196,"column":19},"end":{"line":196,"column":42}},"100":{"start":{"line":197,"column":2},"end":{"line":201,"column":3}},"101":{"start":{"line":198,"column":6},"end":{"line":200,"column":7}},"102":{"start":{"line":199,"column":10},"end":{"line":199,"column":28}},"103":{"start":{"line":202,"column":2},"end":{"line":202,"column":14}},"104":{"start":{"line":206,"column":0},"end":{"line":220,"column":3}},"105":{"start":{"line":208,"column":19},"end":{"line":208,"column":31}},"106":{"start":{"line":209,"column":19},"end":{"line":209,"column":31}},"107":{"start":{"line":210,"column":2},"end":{"line":212,"column":3}},"108":{"start":{"line":211,"column":6},"end":{"line":211,"column":26}},"109":{"start":{"line":216,"column":2},"end":{"line":216,"column":47}},"110":{"start":{"line":217,"column":2},"end":{"line":217,"column":16}},"111":{"start":{"line":218,"column":2},"end":{"line":218,"column":21}},"112":{"start":{"line":219,"column":2},"end":{"line":219,"column":17}},"113":{"start":{"line":223,"column":0},"end":{"line":237,"column":3}},"114":{"start":{"line":224,"column":14},"end":{"line":224,"column":26}},"115":{"start":{"line":225,"column":14},"end":{"line":225,"column":42}},"116":{"start":{"line":227,"column":2},"end":{"line":236,"column":3}},"117":{"start":{"line":228,"column":6},"end":{"line":228,"column":85}},"118":{"start":{"line":229,"column":6},"end":{"line":229,"column":76}},"119":{"start":{"line":230,"column":6},"end":{"line":230,"column":42}},"120":{"start":{"line":231,"column":6},"end":{"line":231,"column":29}},"121":{"start":{"line":232,"column":6},"end":{"line":232,"column":26}},"122":{"start":{"line":233,"column":6},"end":{"line":233,"column":21}},"123":{"start":{"line":235,"column":4},"end":{"line":235,"column":24}},"124":{"start":{"line":239,"column":0},"end":{"line":241,"column":2}},"125":{"start":{"line":240,"column":2},"end":{"line":240,"column":25}},"126":{"start":{"line":243,"column":0},"end":{"line":247,"column":2}},"127":{"start":{"line":244,"column":2},"end":{"line":244,"column":31}},"128":{"start":{"line":245,"column":2},"end":{"line":245,"column":31}},"129":{"start":{"line":246,"column":2},"end":{"line":246,"column":25}},"130":{"start":{"line":249,"column":0},"end":{"line":262,"column":1}},"131":{"start":{"line":250,"column":2},"end":{"line":261,"column":5}},"132":{"start":{"line":251,"column":4},"end":{"line":258,"column":5}},"133":{"start":{"line":252,"column":6},"end":{"line":252,"column":33}},"134":{"start":{"line":253,"column":6},"end":{"line":253,"column":27}},"135":{"start":{"line":254,"column":6},"end":{"line":254,"column":27}},"136":{"start":{"line":256,"column":6},"end":{"line":256,"column":47}},"137":{"start":{"line":257,"column":6},"end":{"line":257,"column":48}},"138":{"start":{"line":259,"column":4},"end":{"line":259,"column":39}},"139":{"start":{"line":260,"column":4},"end":{"line":260,"column":47}},"140":{"start":{"line":265,"column":0},"end":{"line":273,"column":1}}},"fnMap":{"0":{"name":"(anonymous_0)","decl":{"start":{"line":20,"column":2},"end":{"line":20,"column":3}},"loc":{"start":{"line":20,"column":39},"end":{"line":24,"column":3}},"line":20},"1":{"name":"(anonymous_1)","decl":{"start":{"line":26,"column":2},"end":{"line":26,"column":3}},"loc":{"start":{"line":26,"column":11},"end":{"line":28,"column":3}},"line":26},"2":{"name":"(anonymous_2)","decl":{"start":{"line":30,"column":2},"end":{"line":30,"column":3}},"loc":{"start":{"line":30,"column":13},"end":{"line":32,"column":3}},"line":30},"3":{"name":"(anonymous_3)","decl":{"start":{"line":34,"column":2},"end":{"line":34,"column":3}},"loc":{"start":{"line":34,"column":14},"end":{"line":36,"column":3}},"line":34},"4":{"name":"(anonymous_4)","decl":{"start":{"line":38,"column":2},"end":{"line":38,"column":3}},"loc":{"start":{"line":38,"column":15},"end":{"line":40,"column":3}},"line":38},"5":{"name":"(anonymous_5)","decl":{"start":{"line":42,"column":2},"end":{"line":42,"column":3}},"loc":{"start":{"line":42,"column":15},"end":{"line":44,"column":3}},"line":42},"6":{"name":"saveGame","decl":{"start":{"line":55,"column":15},"end":{"line":55,"column":23}},"loc":{"start":{"line":55,"column":33},"end":{"line":57,"column":1}},"line":55},"7":{"name":"loadGame","decl":{"start":{"line":59,"column":15},"end":{"line":59,"column":23}},"loc":{"start":{"line":59,"column":26},"end":{"line":64,"column":1}},"line":59},"8":{"name":"(anonymous_8)","decl":{"start":{"line":60,"column":75},"end":{"line":60,"column":76}},"loc":{"start":{"line":60,"column":80},"end":{"line":60,"column":93}},"line":60},"9":{"name":"createBoard","decl":{"start":{"line":66,"column":9},"end":{"line":66,"column":20}},"loc":{"start":{"line":66,"column":31},"end":{"line":76,"column":1}},"line":66},"10":{"name":"switchPlayer","decl":{"start":{"line":78,"column":9},"end":{"line":78,"column":21}},"loc":{"start":{"line":78,"column":28},"end":{"line":80,"column":1}},"line":78},"11":{"name":"placeCounter","decl":{"start":{"line":82,"column":9},"end":{"line":82,"column":21}},"loc":{"start":{"line":82,"column":42},"end":{"line":92,"column":1}},"line":82},"12":{"name":"validMove","decl":{"start":{"line":94,"column":9},"end":{"line":94,"column":18}},"loc":{"start":{"line":94,"column":31},"end":{"line":96,"column":1}},"line":94},"13":{"name":"checkWin","decl":{"start":{"line":98,"column":9},"end":{"line":98,"column":17}},"loc":{"start":{"line":98,"column":43},"end":{"line":137,"column":1}},"line":98},"14":{"name":"negDiagonalWin","decl":{"start":{"line":139,"column":9},"end":{"line":139,"column":23}},"loc":{"start":{"line":139,"column":49},"end":{"line":165,"column":1}},"line":139},"15":{"name":"posDiagonalWin","decl":{"start":{"line":167,"column":9},"end":{"line":167,"column":23}},"loc":{"start":{"line":167,"column":49},"end":{"line":193,"column":1}},"line":167},"16":{"name":"getRowCoord","decl":{"start":{"line":195,"column":9},"end":{"line":195,"column":20}},"loc":{"start":{"line":195,"column":33},"end":{"line":203,"column":1}},"line":195},"17":{"name":"(anonymous_17)","decl":{"start":{"line":206,"column":19},"end":{"line":206,"column":20}},"loc":{"start":{"line":206,"column":33},"end":{"line":220,"column":1}},"line":206},"18":{"name":"(anonymous_18)","decl":{"start":{"line":223,"column":21},"end":{"line":223,"column":22}},"loc":{"start":{"line":223,"column":35},"end":{"line":237,"column":1}},"line":223},"19":{"name":"(anonymous_19)","decl":{"start":{"line":239,"column":20},"end":{"line":239,"column":21}},"loc":{"start":{"line":239,"column":34},"end":{"line":241,"column":1}},"line":239},"20":{"name":"(anonymous_20)","decl":{"start":{"line":243,"column":18},"end":{"line":243,"column":19}},"loc":{"start":{"line":243,"column":32},"end":{"line":247,"column":1}},"line":243},"21":{"name":"(anonymous_21)","decl":{"start":{"line":250,"column":19},"end":{"line":250,"column":20}},"loc":{"start":{"line":250,"column":31},"end":{"line":261,"column":3}},"line":250}},"branchMap":{"0":{"loc":{"start":{"line":20,"column":28},"end":{"line":20,"column":37}},"type":"default-arg","locations":[{"start":{"line":20,"column":36},"end":{"line":20,"column":37}}],"line":20},"1":{"loc":{"start":{"line":86,"column":6},"end":{"line":89,"column":7}},"type":"if","locations":[{"start":{"line":86,"column":6},"end":{"line":89,"column":7}},{"start":{"line":86,"column":6},"end":{"line":89,"column":7}}],"line":86},"2":{"loc":{"start":{"line":105,"column":4},"end":{"line":109,"column":5}},"type":"if","locations":[{"start":{"line":105,"column":4},"end":{"line":109,"column":5}},{"start":{"line":105,"column":4},"end":{"line":109,"column":5}}],"line":105},"3":{"loc":{"start":{"line":110,"column":4},"end":{"line":113,"column":5}},"type":"if","locations":[{"start":{"line":110,"column":4},"end":{"line":113,"column":5}},{"start":{"line":110,"column":4},"end":{"line":113,"column":5}}],"line":110},"4":{"loc":{"start":{"line":120,"column":4},"end":{"line":124,"column":5}},"type":"if","locations":[{"start":{"line":120,"column":4},"end":{"line":124,"column":5}},{"start":{"line":120,"column":4},"end":{"line":124,"column":5}}],"line":120},"5":{"loc":{"start":{"line":125,"column":4},"end":{"line":128,"column":5}},"type":"if","locations":[{"start":{"line":125,"column":4},"end":{"line":128,"column":5}},{"start":{"line":125,"column":4},"end":{"line":128,"column":5}}],"line":125},"6":{"loc":{"start":{"line":131,"column":2},"end":{"line":134,"column":3}},"type":"if","locations":[{"start":{"line":131,"column":2},"end":{"line":134,"column":3}},{"start":{"line":131,"column":2},"end":{"line":134,"column":3}}],"line":131},"7":{"loc":{"start":{"line":131,"column":6},"end":{"line":131,"column":88}},"type":"binary-expr","locations":[{"start":{"line":131,"column":6},"end":{"line":131,"column":45}},{"start":{"line":131,"column":49},"end":{"line":131,"column":88}}],"line":131},"8":{"loc":{"start":{"line":147,"column":8},"end":{"line":147,"column":32}},"type":"binary-expr","locations":[{"start":{"line":147,"column":8},"end":{"line":147,"column":18}},{"start":{"line":147,"column":22},"end":{"line":147,"column":32}}],"line":147},"9":{"loc":{"start":{"line":152,"column":8},"end":{"line":152,"column":26}},"type":"binary-expr","locations":[{"start":{"line":152,"column":8},"end":{"line":152,"column":15}},{"start":{"line":152,"column":19},"end":{"line":152,"column":26}}],"line":152},"10":{"loc":{"start":{"line":153,"column":4},"end":{"line":157,"column":5}},"type":"if","locations":[{"start":{"line":153,"column":4},"end":{"line":157,"column":5}},{"start":{"line":153,"column":4},"end":{"line":157,"column":5}}],"line":153},"11":{"loc":{"start":{"line":158,"column":4},"end":{"line":160,"column":5}},"type":"if","locations":[{"start":{"line":158,"column":4},"end":{"line":160,"column":5}},{"start":{"line":158,"column":4},"end":{"line":160,"column":5}}],"line":158},"12":{"loc":{"start":{"line":175,"column":8},"end":{"line":175,"column":28}},"type":"binary-expr","locations":[{"start":{"line":175,"column":8},"end":{"line":175,"column":18}},{"start":{"line":175,"column":22},"end":{"line":175,"column":28}}],"line":175},"13":{"loc":{"start":{"line":180,"column":8},"end":{"line":180,"column":25}},"type":"binary-expr","locations":[{"start":{"line":180,"column":8},"end":{"line":180,"column":15}},{"start":{"line":180,"column":19},"end":{"line":180,"column":25}}],"line":180},"14":{"loc":{"start":{"line":181,"column":4},"end":{"line":185,"column":5}},"type":"if","locations":[{"start":{"line":181,"column":4},"end":{"line":185,"column":5}},{"start":{"line":181,"column":4},"end":{"line":185,"column":5}}],"line":181},"15":{"loc":{"start":{"line":186,"column":4},"end":{"line":188,"column":5}},"type":"if","locations":[{"start":{"line":186,"column":4},"end":{"line":188,"column":5}},{"start":{"line":186,"column":4},"end":{"line":188,"column":5}}],"line":186},"16":{"loc":{"start":{"line":198,"column":6},"end":{"line":200,"column":7}},"type":"if","locations":[{"start":{"line":198,"column":6},"end":{"line":200,"column":7}},{"start":{"line":198,"column":6},"end":{"line":200,"column":7}}],"line":198},"17":{"loc":{"start":{"line":210,"column":2},"end":{"line":212,"column":3}},"type":"if","locations":[{"start":{"line":210,"column":2},"end":{"line":212,"column":3}},{"start":{"line":210,"column":2},"end":{"line":212,"column":3}}],"line":210},"18":{"loc":{"start":{"line":210,"column":6},"end":{"line":210,"column":36}},"type":"binary-expr","locations":[{"start":{"line":210,"column":6},"end":{"line":210,"column":19}},{"start":{"line":210,"column":23},"end":{"line":210,"column":36}}],"line":210},"19":{"loc":{"start":{"line":227,"column":2},"end":{"line":236,"column":3}},"type":"if","locations":[{"start":{"line":227,"column":2},"end":{"line":236,"column":3}},{"start":{"line":227,"column":2},"end":{"line":236,"column":3}}],"line":227},"20":{"loc":{"start":{"line":227,"column":6},"end":{"line":227,"column":56}},"type":"binary-expr","locations":[{"start":{"line":227,"column":6},"end":{"line":227,"column":32}},{"start":{"line":227,"column":36},"end":{"line":227,"column":56}}],"line":227},"21":{"loc":{"start":{"line":249,"column":0},"end":{"line":262,"column":1}},"type":"if","locations":[{"start":{"line":249,"column":0},"end":{"line":262,"column":1}},{"start":{"line":249,"column":0},"end":{"line":262,"column":1}}],"line":249}},"s":{"0":2,"1":2,"2":2,"3":2,"4":2,"5":2,"6":2,"7":2,"8":2,"9":10,"10":10,"11":10,"12":9,"13":0,"14":0,"15":0,"16":0,"17":2,"18":0,"19":0,"20":0,"21":0,"22":0,"23":0,"24":6,"25":6,"26":6,"27":47,"28":47,"29":47,"30":355,"31":47,"32":6,"33":2,"34":9,"35":9,"36":9,"37":21,"38":5,"39":4,"40":8,"41":1,"42":8,"43":8,"44":8,"45":8,"46":34,"47":22,"48":12,"49":34,"50":4,"51":4,"52":4,"53":4,"54":4,"55":17,"56":16,"57":1,"58":17,"59":4,"60":4,"61":0,"62":0,"63":0,"64":0,"65":0,"66":0,"67":0,"68":0,"69":0,"70":0,"71":0,"72":0,"73":0,"74":0,"75":0,"76":0,"77":0,"78":0,"79":0,"80":0,"81":0,"82":0,"83":0,"84":0,"85":0,"86":0,"87":0,"88":0,"89":0,"90":0,"91":0,"92":0,"93":0,"94":0,"95":0,"96":0,"97":0,"98":0,"99":6,"100":6,"101":15,"102":5,"103":1,"104":2,"105":2,"106":2,"107":2,"108":1,"109":2,"110":2,"111":2,"112":2,"113":2,"114":1,"115":1,"116":1,"117":1,"118":0,"119":0,"120":0,"121":0,"122":0,"123":0,"124":2,"125":0,"126":2,"127":0,"128":0,"129":0,"130":2,"131":0,"132":0,"133":0,"134":0,"135":0,"136":0,"137":0,"138":0,"139":0,"140":2},"f":{"0":10,"1":9,"2":0,"3":0,"4":0,"5":0,"6":0,"7":0,"8":0,"9":6,"10":2,"11":9,"12":1,"13":8,"14":0,"15":0,"16":6,"17":2,"18":1,"19":0,"20":0,"21":0},"b":{"0":[9],"1":[5,16],"2":[22,12],"3":[4,30],"4":[16,1],"5":[4,13],"6":[0,0],"7":[0,0],"8":[0,0],"9":[0,0],"10":[0,0],"11":[0,0],"12":[0,0],"13":[0,0],"14":[0,0],"15":[0,0],"16":[5,10],"17":[1,1],"18":[2,1],"19":[1,0],"20":[1,1],"21":[0,2]},"_coverageSchema":"1a1c01bbd47fc00a2c39e90264f33305004495a9","hash":"de47ddaca8a55cbbf886ab6d378fa2727ddedf8b"}
}
