{"/Users/taylalex/Documents/Academy/Connect4/Server/server.js": {"path":"/Users/taylalex/Documents/Academy/Connect4/Server/server.js","statementMap":{"0":{"start":{"line":1,"column":30},"end":{"line":1,"column":53}},"1":{"start":{"line":2,"column":16},"end":{"line":2,"column":34}},"2":{"start":{"line":4,"column":12},"end":{"line":4,"column":21}},"3":{"start":{"line":6,"column":0},"end":{"line":6,"column":36}},"4":{"start":{"line":7,"column":0},"end":{"line":7,"column":24}},"5":{"start":{"line":15,"column":4},"end":{"line":15,"column":21}},"6":{"start":{"line":16,"column":4},"end":{"line":16,"column":25}},"7":{"start":{"line":17,"column":4},"end":{"line":17,"column":23}},"8":{"start":{"line":21,"column":4},"end":{"line":21,"column":20}},"9":{"start":{"line":25,"column":4},"end":{"line":25,"column":21}},"10":{"start":{"line":29,"column":4},"end":{"line":29,"column":22}},"11":{"start":{"line":33,"column":4},"end":{"line":33,"column":23}},"12":{"start":{"line":37,"column":13},"end":{"line":42,"column":1}},"13":{"start":{"line":45,"column":23},"end":{"line":45,"column":25}},"14":{"start":{"line":46,"column":4},"end":{"line":52,"column":5}},"15":{"start":{"line":46,"column":17},"end":{"line":46,"column":18}},"16":{"start":{"line":47,"column":25},"end":{"line":47,"column":27}},"17":{"start":{"line":48,"column":8},"end":{"line":50,"column":9}},"18":{"start":{"line":48,"column":21},"end":{"line":48,"column":22}},"19":{"start":{"line":49,"column":12},"end":{"line":49,"column":32}},"20":{"start":{"line":51,"column":8},"end":{"line":51,"column":34}},"21":{"start":{"line":53,"column":4},"end":{"line":53,"column":22}},"22":{"start":{"line":57,"column":4},"end":{"line":57,"column":30}},"23":{"start":{"line":61,"column":19},"end":{"line":61,"column":24}},"24":{"start":{"line":62,"column":21},"end":{"line":62,"column":42}},"25":{"start":{"line":63,"column":4},"end":{"line":68,"column":7}},"26":{"start":{"line":64,"column":8},"end":{"line":67,"column":9}},"27":{"start":{"line":65,"column":10},"end":{"line":65,"column":52}},"28":{"start":{"line":66,"column":10},"end":{"line":66,"column":16}},"29":{"start":{"line":69,"column":4},"end":{"line":69,"column":20}},"30":{"start":{"line":73,"column":4},"end":{"line":73,"column":37}},"31":{"start":{"line":78,"column":14},"end":{"line":78,"column":15}},"32":{"start":{"line":79,"column":12},"end":{"line":79,"column":17}},"33":{"start":{"line":82,"column":2},"end":{"line":91,"column":3}},"34":{"start":{"line":82,"column":24},"end":{"line":82,"column":25}},"35":{"start":{"line":83,"column":4},"end":{"line":87,"column":5}},"36":{"start":{"line":84,"column":6},"end":{"line":84,"column":17}},"37":{"start":{"line":86,"column":6},"end":{"line":86,"column":16}},"38":{"start":{"line":88,"column":4},"end":{"line":90,"column":5}},"39":{"start":{"line":89,"column":6},"end":{"line":89,"column":17}},"40":{"start":{"line":93,"column":2},"end":{"line":93,"column":12}},"41":{"start":{"line":96,"column":2},"end":{"line":105,"column":3}},"42":{"start":{"line":96,"column":24},"end":{"line":96,"column":25}},"43":{"start":{"line":97,"column":4},"end":{"line":101,"column":5}},"44":{"start":{"line":98,"column":6},"end":{"line":98,"column":17}},"45":{"start":{"line":100,"column":6},"end":{"line":100,"column":16}},"46":{"start":{"line":102,"column":4},"end":{"line":104,"column":5}},"47":{"start":{"line":103,"column":6},"end":{"line":103,"column":17}},"48":{"start":{"line":106,"column":2},"end":{"line":109,"column":3}},"49":{"start":{"line":107,"column":4},"end":{"line":107,"column":20}},"50":{"start":{"line":108,"column":4},"end":{"line":108,"column":18}},"51":{"start":{"line":110,"column":2},"end":{"line":110,"column":14}},"52":{"start":{"line":114,"column":19},"end":{"line":114,"column":40}},"53":{"start":{"line":115,"column":2},"end":{"line":119,"column":3}},"54":{"start":{"line":116,"column":6},"end":{"line":118,"column":7}},"55":{"start":{"line":117,"column":10},"end":{"line":117,"column":28}},"56":{"start":{"line":120,"column":2},"end":{"line":120,"column":14}},"57":{"start":{"line":123,"column":0},"end":{"line":138,"column":3}},"58":{"start":{"line":124,"column":18},"end":{"line":124,"column":45}},"59":{"start":{"line":125,"column":18},"end":{"line":125,"column":46}},"60":{"start":{"line":126,"column":21},"end":{"line":126,"column":33}},"61":{"start":{"line":127,"column":21},"end":{"line":127,"column":33}},"62":{"start":{"line":128,"column":4},"end":{"line":130,"column":5}},"63":{"start":{"line":129,"column":8},"end":{"line":129,"column":28}},"64":{"start":{"line":133,"column":4},"end":{"line":133,"column":39}},"65":{"start":{"line":134,"column":4},"end":{"line":134,"column":49}},"66":{"start":{"line":135,"column":4},"end":{"line":135,"column":18}},"67":{"start":{"line":136,"column":4},"end":{"line":136,"column":23}},"68":{"start":{"line":137,"column":4},"end":{"line":137,"column":19}},"69":{"start":{"line":141,"column":0},"end":{"line":153,"column":3}},"70":{"start":{"line":142,"column":16},"end":{"line":142,"column":28}},"71":{"start":{"line":143,"column":16},"end":{"line":143,"column":44}},"72":{"start":{"line":145,"column":4},"end":{"line":152,"column":5}},"73":{"start":{"line":146,"column":8},"end":{"line":146,"column":87}},"74":{"start":{"line":147,"column":8},"end":{"line":147,"column":78}},"75":{"start":{"line":148,"column":8},"end":{"line":148,"column":44}},"76":{"start":{"line":149,"column":8},"end":{"line":149,"column":23}},"77":{"start":{"line":151,"column":6},"end":{"line":151,"column":26}},"78":{"start":{"line":155,"column":0},"end":{"line":159,"column":1}},"79":{"start":{"line":156,"column":4},"end":{"line":158,"column":7}},"80":{"start":{"line":157,"column":8},"end":{"line":157,"column":51}},"81":{"start":{"line":161,"column":0},"end":{"line":169,"column":1}}},"fnMap":{"0":{"name":"(anonymous_0)","decl":{"start":{"line":14,"column":2},"end":{"line":14,"column":3}},"loc":{"start":{"line":14,"column":39},"end":{"line":18,"column":3}},"line":14},"1":{"name":"(anonymous_1)","decl":{"start":{"line":20,"column":2},"end":{"line":20,"column":3}},"loc":{"start":{"line":20,"column":11},"end":{"line":22,"column":3}},"line":20},"2":{"name":"(anonymous_2)","decl":{"start":{"line":24,"column":2},"end":{"line":24,"column":3}},"loc":{"start":{"line":24,"column":13},"end":{"line":26,"column":3}},"line":24},"3":{"name":"(anonymous_3)","decl":{"start":{"line":28,"column":2},"end":{"line":28,"column":3}},"loc":{"start":{"line":28,"column":14},"end":{"line":30,"column":3}},"line":28},"4":{"name":"(anonymous_4)","decl":{"start":{"line":32,"column":2},"end":{"line":32,"column":3}},"loc":{"start":{"line":32,"column":15},"end":{"line":34,"column":3}},"line":32},"5":{"name":"createBoard","decl":{"start":{"line":44,"column":9},"end":{"line":44,"column":20}},"loc":{"start":{"line":44,"column":31},"end":{"line":54,"column":1}},"line":44},"6":{"name":"switchPlayer","decl":{"start":{"line":56,"column":9},"end":{"line":56,"column":21}},"loc":{"start":{"line":56,"column":28},"end":{"line":58,"column":1}},"line":56},"7":{"name":"placeCounter","decl":{"start":{"line":60,"column":9},"end":{"line":60,"column":21}},"loc":{"start":{"line":60,"column":42},"end":{"line":70,"column":1}},"line":60},"8":{"name":"validMove","decl":{"start":{"line":72,"column":9},"end":{"line":72,"column":18}},"loc":{"start":{"line":72,"column":31},"end":{"line":74,"column":1}},"line":72},"9":{"name":"checkWin","decl":{"start":{"line":76,"column":9},"end":{"line":76,"column":17}},"loc":{"start":{"line":76,"column":43},"end":{"line":111,"column":1}},"line":76},"10":{"name":"getRowCoord","decl":{"start":{"line":113,"column":9},"end":{"line":113,"column":20}},"loc":{"start":{"line":113,"column":33},"end":{"line":121,"column":1}},"line":113},"11":{"name":"(anonymous_11)","decl":{"start":{"line":123,"column":19},"end":{"line":123,"column":20}},"loc":{"start":{"line":123,"column":33},"end":{"line":138,"column":1}},"line":123},"12":{"name":"(anonymous_12)","decl":{"start":{"line":141,"column":21},"end":{"line":141,"column":22}},"loc":{"start":{"line":141,"column":35},"end":{"line":153,"column":1}},"line":141},"13":{"name":"(anonymous_13)","decl":{"start":{"line":156,"column":21},"end":{"line":156,"column":22}},"loc":{"start":{"line":156,"column":27},"end":{"line":158,"column":5}},"line":156}},"branchMap":{"0":{"loc":{"start":{"line":14,"column":28},"end":{"line":14,"column":37}},"type":"default-arg","locations":[{"start":{"line":14,"column":36},"end":{"line":14,"column":37}}],"line":14},"1":{"loc":{"start":{"line":64,"column":8},"end":{"line":67,"column":9}},"type":"if","locations":[{"start":{"line":64,"column":8},"end":{"line":67,"column":9}},{"start":{"line":64,"column":8},"end":{"line":67,"column":9}}],"line":64},"2":{"loc":{"start":{"line":83,"column":4},"end":{"line":87,"column":5}},"type":"if","locations":[{"start":{"line":83,"column":4},"end":{"line":87,"column":5}},{"start":{"line":83,"column":4},"end":{"line":87,"column":5}}],"line":83},"3":{"loc":{"start":{"line":88,"column":4},"end":{"line":90,"column":5}},"type":"if","locations":[{"start":{"line":88,"column":4},"end":{"line":90,"column":5}},{"start":{"line":88,"column":4},"end":{"line":90,"column":5}}],"line":88},"4":{"loc":{"start":{"line":97,"column":4},"end":{"line":101,"column":5}},"type":"if","locations":[{"start":{"line":97,"column":4},"end":{"line":101,"column":5}},{"start":{"line":97,"column":4},"end":{"line":101,"column":5}}],"line":97},"5":{"loc":{"start":{"line":102,"column":4},"end":{"line":104,"column":5}},"type":"if","locations":[{"start":{"line":102,"column":4},"end":{"line":104,"column":5}},{"start":{"line":102,"column":4},"end":{"line":104,"column":5}}],"line":102},"6":{"loc":{"start":{"line":106,"column":2},"end":{"line":109,"column":3}},"type":"if","locations":[{"start":{"line":106,"column":2},"end":{"line":109,"column":3}},{"start":{"line":106,"column":2},"end":{"line":109,"column":3}}],"line":106},"7":{"loc":{"start":{"line":116,"column":6},"end":{"line":118,"column":7}},"type":"if","locations":[{"start":{"line":116,"column":6},"end":{"line":118,"column":7}},{"start":{"line":116,"column":6},"end":{"line":118,"column":7}}],"line":116},"8":{"loc":{"start":{"line":128,"column":4},"end":{"line":130,"column":5}},"type":"if","locations":[{"start":{"line":128,"column":4},"end":{"line":130,"column":5}},{"start":{"line":128,"column":4},"end":{"line":130,"column":5}}],"line":128},"9":{"loc":{"start":{"line":128,"column":8},"end":{"line":128,"column":38}},"type":"binary-expr","locations":[{"start":{"line":128,"column":8},"end":{"line":128,"column":21}},{"start":{"line":128,"column":25},"end":{"line":128,"column":38}}],"line":128},"10":{"loc":{"start":{"line":145,"column":4},"end":{"line":152,"column":5}},"type":"if","locations":[{"start":{"line":145,"column":4},"end":{"line":152,"column":5}},{"start":{"line":145,"column":4},"end":{"line":152,"column":5}}],"line":145},"11":{"loc":{"start":{"line":145,"column":8},"end":{"line":145,"column":58}},"type":"binary-expr","locations":[{"start":{"line":145,"column":8},"end":{"line":145,"column":34}},{"start":{"line":145,"column":38},"end":{"line":145,"column":58}}],"line":145},"12":{"loc":{"start":{"line":155,"column":0},"end":{"line":159,"column":1}},"type":"if","locations":[{"start":{"line":155,"column":0},"end":{"line":159,"column":1}},{"start":{"line":155,"column":0},"end":{"line":159,"column":1}}],"line":155}},"s":{"0":2,"1":2,"2":2,"3":2,"4":2,"5":12,"6":12,"7":12,"8":9,"9":0,"10":0,"11":0,"12":2,"13":6,"14":6,"15":6,"16":47,"17":47,"18":47,"19":355,"20":47,"21":6,"22":3,"23":9,"24":9,"25":9,"26":21,"27":5,"28":5,"29":9,"30":1,"31":9,"32":9,"33":9,"34":9,"35":46,"36":23,"37":23,"38":46,"39":4,"40":9,"41":9,"42":9,"43":49,"44":21,"45":28,"46":49,"47":4,"48":9,"49":8,"50":8,"51":1,"52":6,"53":6,"54":15,"55":5,"56":1,"57":2,"58":2,"59":2,"60":2,"61":2,"62":2,"63":1,"64":2,"65":2,"66":2,"67":2,"68":2,"69":2,"70":1,"71":1,"72":1,"73":1,"74":1,"75":1,"76":1,"77":0,"78":2,"79":0,"80":0,"81":2},"f":{"0":12,"1":9,"2":0,"3":0,"4":0,"5":6,"6":3,"7":9,"8":1,"9":9,"10":6,"11":2,"12":1,"13":0},"b":{"0":[11],"1":[5,16],"2":[23,23],"3":[4,42],"4":[21,28],"5":[4,45],"6":[8,1],"7":[5,10],"8":[1,1],"9":[2,1],"10":[1,0],"11":[1,1],"12":[0,2]},"_coverageSchema":"1a1c01bbd47fc00a2c39e90264f33305004495a9","hash":"7fd65d5fce857ecb2598ae620ec835a4690887c9"}
}
