TN:
SF:Server/server.js
FN:14,(anonymous_0)
FN:19,(anonymous_1)
FN:31,createBoard
FN:43,switchPlayer
FN:47,placeCounter
FN:59,validMove
FN:63,checkWin
FN:100,getRowCoord
FN:109,(anonymous_8)
FN:127,(anonymous_9)
FN:141,(anonymous_10)
FNF:11
FNH:9
FNDA:2,(anonymous_0)
FNDA:0,(anonymous_1)
FNDA:2,createBoard
FNDA:2,switchPlayer
FNDA:2,placeCounter
FNDA:1,validMove
FNDA:3,checkWin
FNDA:1,getRowCoord
FNDA:1,(anonymous_8)
FNDA:1,(anonymous_9)
FNDA:0,(anonymous_10)
DA:1,2
DA:2,2
DA:4,2
DA:6,2
DA:7,2
DA:12,2
DA:15,2
DA:16,2
DA:20,0
DA:24,2
DA:32,2
DA:33,2
DA:34,12
DA:35,12
DA:36,48
DA:38,12
DA:40,2
DA:44,2
DA:48,2
DA:49,2
DA:50,2
DA:51,2
DA:52,2
DA:53,2
DA:56,2
DA:60,1
DA:65,3
DA:66,3
DA:69,3
DA:70,12
DA:71,1
DA:73,11
DA:75,12
DA:76,0
DA:80,3
DA:83,3
DA:84,16
DA:85,1
DA:87,15
DA:89,16
DA:90,0
DA:93,3
DA:94,0
DA:95,0
DA:97,3
DA:101,1
DA:102,1
DA:103,1
DA:104,1
DA:109,2
DA:110,1
DA:111,1
DA:112,1
DA:113,1
DA:114,1
DA:115,0
DA:119,1
DA:120,1
DA:121,1
DA:122,1
DA:123,1
DA:127,2
DA:128,1
DA:129,1
DA:131,1
DA:132,1
DA:133,1
DA:134,1
DA:136,1
DA:140,2
DA:141,0
DA:142,0
DA:146,2
LF:73
LH:65
BRDA:51,0,0,2
BRDA:51,0,1,0
BRDA:70,1,0,1
BRDA:70,1,1,11
BRDA:75,2,0,0
BRDA:75,2,1,12
BRDA:84,3,0,1
BRDA:84,3,1,15
BRDA:89,4,0,0
BRDA:89,4,1,16
BRDA:93,5,0,0
BRDA:93,5,1,3
BRDA:103,6,0,1
BRDA:103,6,1,0
BRDA:114,7,0,0
BRDA:114,7,1,1
BRDA:114,8,0,1
BRDA:114,8,1,1
BRDA:131,9,0,1
BRDA:131,9,1,0
BRDA:131,10,0,1
BRDA:131,10,1,1
BRDA:140,11,0,0
BRDA:140,11,1,2
BRF:24
BRH:16
end_of_record
