TN:
SF:Server/server.js
FN:20,(anonymous_0)
FN:26,(anonymous_1)
FN:30,(anonymous_2)
FN:34,(anonymous_3)
FN:38,(anonymous_4)
FN:42,(anonymous_5)
FN:55,saveGame
FN:59,loadGame
FN:60,(anonymous_8)
FN:66,createBoard
FN:78,switchPlayer
FN:82,placeCounter
FN:94,validMove
FN:98,checkWin
FN:139,negDiagonalWin
FN:167,posDiagonalWin
FN:195,getRowCoord
FN:206,(anonymous_17)
FN:223,(anonymous_18)
FN:239,(anonymous_19)
FN:243,(anonymous_20)
FN:250,(anonymous_21)
FNF:22
FNH:10
FNDA:10,(anonymous_0)
FNDA:9,(anonymous_1)
FNDA:0,(anonymous_2)
FNDA:0,(anonymous_3)
FNDA:0,(anonymous_4)
FNDA:0,(anonymous_5)
FNDA:0,saveGame
FNDA:0,loadGame
FNDA:0,(anonymous_8)
FNDA:6,createBoard
FNDA:2,switchPlayer
FNDA:9,placeCounter
FNDA:1,validMove
FNDA:8,checkWin
FNDA:0,negDiagonalWin
FNDA:0,posDiagonalWin
FNDA:6,getRowCoord
FNDA:2,(anonymous_17)
FNDA:1,(anonymous_18)
FNDA:0,(anonymous_19)
FNDA:0,(anonymous_20)
FNDA:0,(anonymous_21)
DA:1,2
DA:2,2
DA:3,2
DA:4,2
DA:5,2
DA:6,2
DA:8,2
DA:10,2
DA:11,2
DA:21,10
DA:22,10
DA:23,10
DA:27,9
DA:31,0
DA:35,0
DA:39,0
DA:43,0
DA:48,2
DA:56,0
DA:60,0
DA:61,0
DA:62,0
DA:63,0
DA:67,6
DA:68,6
DA:69,47
DA:70,47
DA:71,355
DA:73,47
DA:75,6
DA:79,2
DA:83,9
DA:84,9
DA:85,9
DA:86,21
DA:87,5
DA:88,4
DA:91,8
DA:95,1
DA:100,8
DA:101,8
DA:104,8
DA:105,34
DA:106,22
DA:108,12
DA:110,34
DA:111,4
DA:112,4
DA:116,4
DA:119,4
DA:120,17
DA:121,16
DA:123,1
DA:125,17
DA:126,4
DA:127,4
DA:131,0
DA:132,0
DA:133,0
DA:136,0
DA:140,0
DA:141,0
DA:142,0
DA:144,0
DA:145,0
DA:147,0
DA:148,0
DA:149,0
DA:152,0
DA:153,0
DA:154,0
DA:156,0
DA:158,0
DA:159,0
DA:161,0
DA:162,0
DA:164,0
DA:168,0
DA:169,0
DA:170,0
DA:172,0
DA:173,0
DA:175,0
DA:176,0
DA:177,0
DA:180,0
DA:181,0
DA:182,0
DA:184,0
DA:186,0
DA:187,0
DA:189,0
DA:190,0
DA:192,0
DA:196,6
DA:197,6
DA:198,15
DA:199,5
DA:202,1
DA:206,2
DA:208,2
DA:209,2
DA:210,2
DA:211,1
DA:216,2
DA:217,2
DA:218,2
DA:219,2
DA:223,2
DA:224,1
DA:225,1
DA:227,1
DA:228,1
DA:229,0
DA:230,0
DA:231,0
DA:232,0
DA:233,0
DA:235,0
DA:239,2
DA:240,0
DA:243,2
DA:244,0
DA:245,0
DA:246,0
DA:249,2
DA:250,0
DA:251,0
DA:252,0
DA:253,0
DA:254,0
DA:256,0
DA:257,0
DA:259,0
DA:260,0
DA:265,2
LF:136
LH:70
BRDA:20,0,0,9
BRDA:86,1,0,5
BRDA:86,1,1,16
BRDA:105,2,0,22
BRDA:105,2,1,12
BRDA:110,3,0,4
BRDA:110,3,1,30
BRDA:120,4,0,16
BRDA:120,4,1,1
BRDA:125,5,0,4
BRDA:125,5,1,13
BRDA:131,6,0,0
BRDA:131,6,1,0
BRDA:131,7,0,0
BRDA:131,7,1,0
BRDA:147,8,0,0
BRDA:147,8,1,0
BRDA:152,9,0,0
BRDA:152,9,1,0
BRDA:153,10,0,0
BRDA:153,10,1,0
BRDA:158,11,0,0
BRDA:158,11,1,0
BRDA:175,12,0,0
BRDA:175,12,1,0
BRDA:180,13,0,0
BRDA:180,13,1,0
BRDA:181,14,0,0
BRDA:181,14,1,0
BRDA:186,15,0,0
BRDA:186,15,1,0
BRDA:198,16,0,5
BRDA:198,16,1,10
BRDA:210,17,0,1
BRDA:210,17,1,1
BRDA:210,18,0,2
BRDA:210,18,1,1
BRDA:227,19,0,1
BRDA:227,19,1,0
BRDA:227,20,0,1
BRDA:227,20,1,1
BRDA:249,21,0,0
BRDA:249,21,1,2
BRF:43
BRH:21
end_of_record
